<?xml version="1.0" encoding="UTF-8"?>
<!-- Generated by org.testng.reporters.JUnitReportReporter -->
<testsuite hostname="DESKTOP-5R4FQQC" failures="0" tests="1" name="practice.Assertion" time="0.047" errors="0" timestamp="2024-03-12T14:25:31 IST" skipped="0">
  <testcase classname="practice.Assertion" name="Sample" time="0.047"/>
  <system-out/>
</testsuite> <!-- practice.Assertion -->
